Base path: /Applications/Unity/Unity.app/Contents
Cmd: initializeCompiler
Cmd: compileComputeKernel
  api=14 insize=7985 outsize=2861 ok=1
Cmd: compileComputeKernel
  api=14 insize=7985 outsize=2641 ok=1
Cmd: translateComputeKernel
  api=14 insize=3077 outsize=3749 ok=1
Cmd: compileComputeKernel
  api=14 insize=4264 outsize=2813 ok=1
Cmd: translateComputeKernel
  api=14 insize=2809 outsize=4145 ok=1
Cmd: translateComputeKernel
  api=14 insize=4537 outsize=8145 ok=1
Cmd: compileComputeKernel
  api=14 insize=21333 outsize=4565 ok=1
Cmd: compileComputeKernel
  api=14 insize=21333 outsize=2785 ok=1
Cmd: compileComputeKernel
  api=14 insize=21333 outsize=2777 ok=1
Cmd: compileComputeKernel
  api=14 insize=21333 outsize=3377 ok=1
Cmd: translateComputeKernel
  api=14 insize=3753 outsize=5225 ok=1
Cmd: translateComputeKernel
  api=14 insize=3021 outsize=3173 ok=1
Cmd: translateComputeKernel
  api=14 insize=3629 outsize=4537 ok=1
Cmd: translateComputeKernel
  api=14 insize=3725 outsize=4421 ok=1
Cmd: compileComputeKernel
  api=14 insize=14905 outsize=2153 ok=1
Cmd: compileComputeKernel
  api=14 insize=14905 outsize=2157 ok=1
Cmd: compileComputeKernel
  api=14 insize=14905 outsize=2233 ok=1
Cmd: compileComputeKernel
  api=14 insize=14905 outsize=2565 ok=1
Cmd: translateComputeKernel
  api=14 insize=2345 outsize=2997 ok=1
Cmd: translateComputeKernel
  api=14 insize=2201 outsize=2941 ok=1
Cmd: translateComputeKernel
  api=14 insize=2193 outsize=2769 ok=1
Cmd: initializeCompiler
Cmd: initializeCompiler
Cmd: initializeCompiler
Cmd: initializeCompiler
Cmd: initializeCompiler
Cmd: initializeCompiler
Cmd: initializeCompiler
Cmd: initializeCompiler

Quitting shader compiler process
