Base path: /Applications/Unity/Unity.app/Contents
Cmd: initializeCompiler
Cmd: compileComputeKernel
  api=14 insize=7985 outsize=3321 ok=1
Cmd: translateComputeKernel
  api=14 insize=3177 outsize=3913 ok=1
Cmd: compileComputeKernel
  api=14 insize=4264 outsize=3249 ok=1
Cmd: translateComputeKernel
  api=14 insize=2809 outsize=4141 ok=1
Cmd: compileComputeKernel
  error: 1 plat 14 at Tensor.cginc(112): use of potentially uninitialized variable (ReadonlyTensor::SafeGet)
  error: 1 plat 14 at Tensor.cginc(279): use of potentially uninitialized variable (SharedTensor::SafeGet)
  api=14 insize=10663 outsize=7517 ok=1
Cmd: translateComputeKernel
  api=14 insize=3913 outsize=6005 ok=1
Cmd: compileComputeKernel
  api=14 insize=21333 outsize=2997 ok=1
Cmd: compileComputeKernel
  api=14 insize=21333 outsize=3245 ok=1
Cmd: compileComputeKernel
  api=14 insize=21333 outsize=2797 ok=1
Cmd: compileComputeKernel
  api=14 insize=21333 outsize=2777 ok=1
Cmd: compileComputeKernel
  api=14 insize=21333 outsize=3377 ok=1
Cmd: translateComputeKernel
  api=14 insize=3385 outsize=3837 ok=1
Cmd: translateComputeKernel
  api=14 insize=3033 outsize=3369 ok=1
Cmd: translateComputeKernel
  api=14 insize=3249 outsize=3545 ok=1
Cmd: translateComputeKernel
  api=14 insize=3329 outsize=3721 ok=1
Cmd: translateComputeKernel
  api=14 insize=3009 outsize=3165 ok=1
Cmd: translateComputeKernel
  api=14 insize=3629 outsize=4537 ok=1
Cmd: compileComputeKernel
  api=14 insize=1759 outsize=4205 ok=1
Cmd: compileComputeKernel
  api=14 insize=14905 outsize=2113 ok=1
Cmd: compileComputeKernel
  api=14 insize=14905 outsize=2221 ok=1
Cmd: compileComputeKernel
  api=14 insize=14905 outsize=2149 ok=1
Cmd: compileComputeKernel
  api=14 insize=14905 outsize=2481 ok=1
Cmd: translateComputeKernel
  api=14 insize=2205 outsize=2773 ok=1
Cmd: translateComputeKernel
  api=14 insize=2253 outsize=2865 ok=1
Cmd: translateComputeKernel
  api=14 insize=2169 outsize=2897 ok=1
Cmd: initializeCompiler
Cmd: initializeCompiler
Cmd: initializeCompiler
Cmd: initializeCompiler
Cmd: initializeCompiler
Cmd: initializeCompiler
Cmd: initializeCompiler
Cmd: initializeCompiler

Quitting shader compiler process
