Base path: /Applications/Unity/Unity.app/Contents
Cmd: initializeCompiler
Cmd: compileComputeKernel
  api=14 insize=7985 outsize=3389 ok=1
Cmd: translateComputeKernel
  api=14 insize=2985 outsize=3533 ok=1
Cmd: translateComputeKernel
  api=14 insize=2769 outsize=2957 ok=1
Cmd: compileComputeKernel
  api=14 insize=4264 outsize=2809 ok=1
Cmd: translateComputeKernel
  api=14 insize=2809 outsize=4141 ok=1
Cmd: compileComputeKernel
  api=14 insize=10663 outsize=8469 ok=1
Cmd: compileComputeKernel
  api=14 insize=21333 outsize=3105 ok=1
Cmd: compileComputeKernel
  api=14 insize=21333 outsize=2845 ok=1
Cmd: compileComputeKernel
  api=14 insize=21333 outsize=2877 ok=1
Cmd: compileComputeKernel
  api=14 insize=21333 outsize=2725 ok=1
Cmd: compileComputeKernel
  api=14 insize=21333 outsize=3377 ok=1
Cmd: translateComputeKernel
  api=14 insize=3329 outsize=3749 ok=1
Cmd: translateComputeKernel
  api=14 insize=3129 outsize=3545 ok=1
Cmd: translateComputeKernel
  api=14 insize=3069 outsize=3261 ok=1
Cmd: translateComputeKernel
  api=14 insize=3113 outsize=3365 ok=1
Cmd: translateComputeKernel
  api=14 insize=3633 outsize=4541 ok=1
Cmd: translateComputeKernel
  api=14 insize=3585 outsize=4329 ok=1
Cmd: compileComputeKernel
  api=14 insize=14905 outsize=2313 ok=1
Cmd: compileComputeKernel
  api=14 insize=14905 outsize=2209 ok=1
Cmd: compileComputeKernel
  api=14 insize=14905 outsize=2189 ok=1
Cmd: compileComputeKernel
  api=14 insize=14905 outsize=2605 ok=1
Cmd: translateComputeKernel
  api=14 insize=2141 outsize=2877 ok=1
Cmd: translateComputeKernel
  api=14 insize=2297 outsize=2965 ok=1
Cmd: translateComputeKernel
  api=14 insize=2129 outsize=2869 ok=1
Cmd: initializeCompiler
Cmd: initializeCompiler
Cmd: initializeCompiler
Cmd: initializeCompiler
Cmd: initializeCompiler
Cmd: initializeCompiler
Cmd: initializeCompiler
Cmd: initializeCompiler

Quitting shader compiler process
