Base path: /Applications/Unity/Unity.app/Contents
Cmd: initializeCompiler
Cmd: compileComputeKernel
  api=14 insize=7985 outsize=2709 ok=1
Cmd: translateComputeKernel
  api=14 insize=2985 outsize=3645 ok=1
Cmd: compileComputeKernel
  api=14 insize=7555 outsize=3721 ok=1
Cmd: compileComputeKernel
  api=14 insize=4264 outsize=2809 ok=1
Cmd: translateComputeKernel
  api=14 insize=2813 outsize=4145 ok=1
Cmd: compileComputeKernel
  api=14 insize=10663 outsize=3913 ok=1
Cmd: translateComputeKernel
  api=14 insize=5377 outsize=9205 ok=1
Cmd: translateComputeKernel
  api=14 insize=465 outsize=273 ok=1
Cmd: compileComputeKernel
  api=14 insize=21333 outsize=3449 ok=1
Cmd: compileComputeKernel
  api=14 insize=21333 outsize=4641 ok=1
Cmd: compileComputeKernel
  api=14 insize=21333 outsize=3817 ok=1
Cmd: translateComputeKernel
  api=14 insize=4477 outsize=6577 ok=1
Cmd: translateComputeKernel
  api=14 insize=3445 outsize=3893 ok=1
Cmd: translateComputeKernel
  api=14 insize=3629 outsize=4537 ok=1
Cmd: compileComputeKernel
  api=14 insize=14905 outsize=2173 ok=1
Cmd: compileComputeKernel
  api=14 insize=14905 outsize=2169 ok=1
Cmd: compileComputeKernel
  api=14 insize=14905 outsize=2137 ok=1
Cmd: translateComputeKernel
  api=14 insize=2145 outsize=2877 ok=1
Cmd: translateComputeKernel
  api=14 insize=2285 outsize=3081 ok=1
Cmd: translateComputeKernel
  api=14 insize=2273 outsize=3073 ok=1
Cmd: translateComputeKernel
  api=14 insize=2629 outsize=3497 ok=1
Cmd: initializeCompiler
Cmd: initializeCompiler
Cmd: initializeCompiler
Cmd: initializeCompiler
Cmd: initializeCompiler
Cmd: initializeCompiler
Cmd: initializeCompiler
Cmd: initializeCompiler

Quitting shader compiler process
